Flow report for Tictactoe
Wed May 11 18:19:23 2022
Quartus Prime Version 18.1.0 Build 625 09/12/2018 SJ Lite Edition


---------------------
; Table of Contents ;
---------------------
  1. Legal Notice
  2. Flow Summary
  3. Flow Settings
  4. Flow Non-Default Global Settings
  5. Flow Elapsed Time
  6. Flow OS Summary
  7. Flow Log
  8. Flow Messages
  9. Flow Suppressed Messages



----------------
; Legal Notice ;
----------------
Copyright (C) 2018  Intel Corporation. All rights reserved.
Your use of Intel Corporation's design tools, logic functions 
and other software and tools, and its AMPP partner logic 
functions, and any output files from any of the foregoing 
(including device programming or simulation files), and any 
associated documentation or information are expressly subject 
to the terms and conditions of the Intel Program License 
Subscription Agreement, the Intel Quartus Prime License Agreement,
the Intel FPGA IP License Agreement, or other applicable license
agreement, including, without limitation, that your use is for
the sole purpose of programming logic devices manufactured by
Intel and sold by Intel or its authorized distributors.  Please
refer to the applicable agreement for further details.



+---------------------------------------------------------------------+
; Flow Summary                                                        ;
+-----------------------+---------------------------------------------+
; Flow Status           ; Successful - Wed May 11 18:19:23 2022       ;
; Quartus Prime Version ; 18.1.0 Build 625 09/12/2018 SJ Lite Edition ;
; Revision Name         ; Tictactoe                                   ;
; Top-level Entity Name ; Tictactoe                                   ;
; Family                ; MAX V                                       ;
; Device                ; 5M160ZE64C5                                 ;
; Timing Models         ; Final                                       ;
; Total logic elements  ; 145 / 160 ( 91 % )                          ;
; Total pins            ; 24 / 54 ( 44 % )                            ;
; Total virtual pins    ; 0                                           ;
; UFM blocks            ; 0 / 1 ( 0 % )                               ;
+-----------------------+---------------------------------------------+


+-----------------------------------------+
; Flow Settings                           ;
+-------------------+---------------------+
; Option            ; Setting             ;
+-------------------+---------------------+
; Start date & time ; 05/11/2022 18:19:05 ;
; Main task         ; Compilation         ;
; Revision Name     ; Tictactoe           ;
+-------------------+---------------------+


+---------------------------------------------------------------------------------------------------------+
; Flow Non-Default Global Settings                                                                        ;
+--------------------------+-------------------------------+---------------+-------------+----------------+
; Assignment Name          ; Value                         ; Default Value ; Entity Name ; Section Id     ;
+--------------------------+-------------------------------+---------------+-------------+----------------+
; COMPILER_SIGNATURE_ID    ; 9699091694071.165228594509744 ; --            ; --          ; --             ;
; EDA_OUTPUT_DATA_FORMAT   ; Vhdl                          ; --            ; --          ; eda_simulation ;
; EDA_SIMULATION_TOOL      ; ModelSim-Altera (VHDL)        ; <None>        ; --          ; --             ;
; EDA_TIME_SCALE           ; 1 ps                          ; --            ; --          ; eda_simulation ;
; MAX_CORE_JUNCTION_TEMP   ; 85                            ; --            ; --          ; --             ;
; MIN_CORE_JUNCTION_TEMP   ; 0                             ; --            ; --          ; --             ;
; PROJECT_OUTPUT_DIRECTORY ; output_files                  ; --            ; --          ; --             ;
+--------------------------+-------------------------------+---------------+-------------+----------------+


+--------------------------------------------------------------------------------------------------------------------------+
; Flow Elapsed Time                                                                                                        ;
+----------------------+--------------+-------------------------+---------------------+------------------------------------+
; Module Name          ; Elapsed Time ; Average Processors Used ; Peak Virtual Memory ; Total CPU Time (on all processors) ;
+----------------------+--------------+-------------------------+---------------------+------------------------------------+
; Analysis & Synthesis ; 00:00:10     ; 1.0                     ; 4762 MB             ; 00:00:19                           ;
; Fitter               ; 00:00:02     ; 1.0                     ; 5320 MB             ; 00:00:02                           ;
; Assembler            ; 00:00:01     ; 1.0                     ; 4649 MB             ; 00:00:00                           ;
; Timing Analyzer      ; 00:00:01     ; 1.0                     ; 4668 MB             ; 00:00:01                           ;
; EDA Netlist Writer   ; 00:00:00     ; 1.0                     ; 4612 MB             ; 00:00:01                           ;
; Total                ; 00:00:14     ; --                      ; --                  ; 00:00:23                           ;
+----------------------+--------------+-------------------------+---------------------+------------------------------------+


+------------------------------------------------------------------------------------+
; Flow OS Summary                                                                    ;
+----------------------+------------------+------------+------------+----------------+
; Module Name          ; Machine Hostname ; OS Name    ; OS Version ; Processor type ;
+----------------------+------------------+------------+------------+----------------+
; Analysis & Synthesis ; DESKTOP-0RJKG1Q  ; Windows 10 ; 10.0       ; x86_64         ;
; Fitter               ; DESKTOP-0RJKG1Q  ; Windows 10 ; 10.0       ; x86_64         ;
; Assembler            ; DESKTOP-0RJKG1Q  ; Windows 10 ; 10.0       ; x86_64         ;
; Timing Analyzer      ; DESKTOP-0RJKG1Q  ; Windows 10 ; 10.0       ; x86_64         ;
; EDA Netlist Writer   ; DESKTOP-0RJKG1Q  ; Windows 10 ; 10.0       ; x86_64         ;
+----------------------+------------------+------------+------------+----------------+


------------
; Flow Log ;
------------
quartus_map --read_settings_files=on --write_settings_files=off Tictactoe -c Tictactoe
quartus_fit --read_settings_files=off --write_settings_files=off Tictactoe -c Tictactoe
quartus_asm --read_settings_files=off --write_settings_files=off Tictactoe -c Tictactoe
quartus_sta Tictactoe -c Tictactoe
quartus_eda --read_settings_files=off --write_settings_files=off Tictactoe -c Tictactoe



